Determining if the pthread_create exist failed with the following output:
Change Dir: /home/jmsma/src/GrapeNLP/grapenlp-core/build/release/CMakeFiles/CMakeTmp

Run Build Command:"/usr/bin/make" "cmTC_b898a/fast"
/usr/bin/make -f CMakeFiles/cmTC_b898a.dir/build.make CMakeFiles/cmTC_b898a.dir/build
make[1]: Entering directory '/home/jmsma/src/GrapeNLP/grapenlp-core/build/release/CMakeFiles/CMakeTmp'
Building C object CMakeFiles/cmTC_b898a.dir/CheckSymbolExists.c.o
/usr/bin/cc    -o CMakeFiles/cmTC_b898a.dir/CheckSymbolExists.c.o   -c /home/jmsma/src/GrapeNLP/grapenlp-core/build/release/CMakeFiles/CMakeTmp/CheckSymbolExists.c
Linking C executable cmTC_b898a
/opt/cmake-3.9.6/bin/cmake -E cmake_link_script CMakeFiles/cmTC_b898a.dir/link.txt --verbose=1
/usr/bin/cc      -rdynamic CMakeFiles/cmTC_b898a.dir/CheckSymbolExists.c.o  -o cmTC_b898a 
CMakeFiles/cmTC_b898a.dir/CheckSymbolExists.c.o: In function `main':
CheckSymbolExists.c:(.text+0x16): undefined reference to `pthread_create'
collect2: error: ld returned 1 exit status
CMakeFiles/cmTC_b898a.dir/build.make:97: recipe for target 'cmTC_b898a' failed
make[1]: *** [cmTC_b898a] Error 1
make[1]: Leaving directory '/home/jmsma/src/GrapeNLP/grapenlp-core/build/release/CMakeFiles/CMakeTmp'
Makefile:126: recipe for target 'cmTC_b898a/fast' failed
make: *** [cmTC_b898a/fast] Error 2

File /home/jmsma/src/GrapeNLP/grapenlp-core/build/release/CMakeFiles/CMakeTmp/CheckSymbolExists.c:
/* */
#include <pthread.h>

int main(int argc, char** argv)
{
  (void)argv;
#ifndef pthread_create
  return ((int*)(&pthread_create))[argc];
#else
  (void)argc;
  return 0;
#endif
}

Determining if the function pthread_create exists in the pthreads failed with the following output:
Change Dir: /home/jmsma/src/GrapeNLP/grapenlp-core/build/release/CMakeFiles/CMakeTmp

Run Build Command:"/usr/bin/make" "cmTC_f32b6/fast"
/usr/bin/make -f CMakeFiles/cmTC_f32b6.dir/build.make CMakeFiles/cmTC_f32b6.dir/build
make[1]: Entering directory '/home/jmsma/src/GrapeNLP/grapenlp-core/build/release/CMakeFiles/CMakeTmp'
Building C object CMakeFiles/cmTC_f32b6.dir/CheckFunctionExists.c.o
/usr/bin/cc   -DCHECK_FUNCTION_EXISTS=pthread_create   -o CMakeFiles/cmTC_f32b6.dir/CheckFunctionExists.c.o   -c /opt/cmake-3.9.6/share/cmake-3.9/Modules/CheckFunctionExists.c
Linking C executable cmTC_f32b6
/opt/cmake-3.9.6/bin/cmake -E cmake_link_script CMakeFiles/cmTC_f32b6.dir/link.txt --verbose=1
/usr/bin/cc  -DCHECK_FUNCTION_EXISTS=pthread_create    -rdynamic CMakeFiles/cmTC_f32b6.dir/CheckFunctionExists.c.o  -o cmTC_f32b6 -lpthreads 
/usr/bin/ld: cannot find -lpthreads
collect2: error: ld returned 1 exit status
CMakeFiles/cmTC_f32b6.dir/build.make:97: recipe for target 'cmTC_f32b6' failed
make[1]: *** [cmTC_f32b6] Error 1
make[1]: Leaving directory '/home/jmsma/src/GrapeNLP/grapenlp-core/build/release/CMakeFiles/CMakeTmp'
Makefile:126: recipe for target 'cmTC_f32b6/fast' failed
make: *** [cmTC_f32b6/fast] Error 2


